app/build/intermediates/manifest_merge_blame_file/release/processReleaseMainManifest/manifest-merger-blame-release-report.txt
1<?xml version="1.0" encoding="utf-8"?>
2<manifest xmlns:android="http://schemas.android.com/apk/res/android"
3    package="com.android.onlineshoppingapp"
4    android:versionCode="1"
5    android:versionName="1.0" >
6
7    <uses-sdk
8        android:minSdkVersion="30"
9        android:targetSdkVersion="34" />
10
11    <uses-permission android:name="android.permission.INTERNET" />
11-->src/main/AndroidManifest.xml:4:5-67
11-->src/main/AndroidManifest.xml:4:22-64
12
13    <meta-data
13-->src/main/AndroidManifest.xml:6:5-8:32
14        android:name="com.google.android.gms.wallet.api.enabled"
14-->src/main/AndroidManifest.xml:7:9-65
15        android:value="true" />
15-->src/main/AndroidManifest.xml:8:9-29
16
17    <!-- Although the *SdkVersion is captured in gradle build files, this is required for non gradle builds -->
18    <!-- <uses-sdk android:minSdkVersion="21" /> -->
19    <uses-permission android:name="android.permission.ACCESS_NETWORK_STATE" />
19-->[com.google.firebase:firebase-firestore:25.0.0] AndroidManifest.xml:10:5-79
19-->[com.google.firebase:firebase-firestore:25.0.0] AndroidManifest.xml:10:22-76
20    <uses-permission android:name="android.permission.WAKE_LOCK" />
20-->[com.google.android.gms:play-services-measurement-api:22.0.0] AndroidManifest.xml:24:5-68
20-->[com.google.android.gms:play-services-measurement-api:22.0.0] AndroidManifest.xml:24:22-65
21    <uses-permission android:name="com.google.android.gms.permission.AD_ID" />
21-->[com.google.android.gms:play-services-measurement-api:22.0.0] AndroidManifest.xml:25:5-79
21-->[com.google.android.gms:play-services-measurement-api:22.0.0] AndroidManifest.xml:25:22-76
22    <uses-permission android:name="android.permission.ACCESS_ADSERVICES_ATTRIBUTION" />
22-->[com.google.android.gms:play-services-measurement-api:22.0.0] AndroidManifest.xml:26:5-88
22-->[com.google.android.gms:play-services-measurement-api:22.0.0] AndroidManifest.xml:26:22-85
23    <uses-permission android:name="android.permission.ACCESS_ADSERVICES_AD_ID" />
23-->[com.google.android.gms:play-services-measurement-api:22.0.0] AndroidManifest.xml:27:5-82
23-->[com.google.android.gms:play-services-measurement-api:22.0.0] AndroidManifest.xml:27:22-79
24
25    <uses-feature
25-->[com.google.android.gms:play-services-maps:18.0.2] AndroidManifest.xml:26:5-28:35
26        android:glEsVersion="0x00020000"
26-->[com.google.android.gms:play-services-maps:18.0.2] AndroidManifest.xml:27:9-41
27        android:required="true" />
27-->[com.google.android.gms:play-services-maps:18.0.2] AndroidManifest.xml:28:9-32
28
29    <queries>
29-->[com.google.android.gms:play-services-maps:18.0.2] AndroidManifest.xml:30:5-34:15
30
31        <!-- Needs to be explicitly declared on Android R+ -->
32        <package android:name="com.google.android.apps.maps" />
32-->[com.google.android.gms:play-services-maps:18.0.2] AndroidManifest.xml:33:9-64
32-->[com.google.android.gms:play-services-maps:18.0.2] AndroidManifest.xml:33:18-61
33    </queries>
34
35    <uses-permission android:name="com.google.android.providers.gsf.permission.READ_GSERVICES" />
35-->[com.google.android.recaptcha:recaptcha:18.4.0] AndroidManifest.xml:9:5-98
35-->[com.google.android.recaptcha:recaptcha:18.4.0] AndroidManifest.xml:9:22-95
36    <uses-permission android:name="com.google.android.finsky.permission.BIND_GET_INSTALL_REFERRER_SERVICE" />
36-->[com.google.android.gms:play-services-measurement:22.0.0] AndroidManifest.xml:26:5-110
36-->[com.google.android.gms:play-services-measurement:22.0.0] AndroidManifest.xml:26:22-107
37
38    <permission
38-->[androidx.core:core:1.13.0] AndroidManifest.xml:22:5-24:47
39        android:name="com.android.onlineshoppingapp.DYNAMIC_RECEIVER_NOT_EXPORTED_PERMISSION"
39-->[androidx.core:core:1.13.0] AndroidManifest.xml:23:9-81
40        android:protectionLevel="signature" />
40-->[androidx.core:core:1.13.0] AndroidManifest.xml:24:9-44
41
42    <uses-permission android:name="com.android.onlineshoppingapp.DYNAMIC_RECEIVER_NOT_EXPORTED_PERMISSION" />
42-->[androidx.core:core:1.13.0] AndroidManifest.xml:26:5-97
42-->[androidx.core:core:1.13.0] AndroidManifest.xml:26:22-94
43    <uses-permission android:name="android.permission.CAMERA" />
43-->[io.card:android-sdk:5.5.1] AndroidManifest.xml:9:5-65
43-->[io.card:android-sdk:5.5.1] AndroidManifest.xml:9:22-62
44    <uses-permission android:name="android.permission.VIBRATE" />
44-->[io.card:android-sdk:5.5.1] AndroidManifest.xml:10:5-66
44-->[io.card:android-sdk:5.5.1] AndroidManifest.xml:10:22-63
45
46    <uses-feature
46-->[io.card:android-sdk:5.5.1] AndroidManifest.xml:12:5-14:36
47        android:name="android.hardware.camera"
47-->[io.card:android-sdk:5.5.1] AndroidManifest.xml:13:9-47
48        android:required="false" />
48-->[io.card:android-sdk:5.5.1] AndroidManifest.xml:14:9-33
49    <uses-feature
49-->[io.card:android-sdk:5.5.1] AndroidManifest.xml:15:5-17:36
50        android:name="android.hardware.camera.autofocus"
50-->[io.card:android-sdk:5.5.1] AndroidManifest.xml:16:9-57
51        android:required="false" />
51-->[io.card:android-sdk:5.5.1] AndroidManifest.xml:17:9-33
52
53    <application
53-->src/main/AndroidManifest.xml:10:5-84:19
54        android:appComponentFactory="androidx.core.app.CoreComponentFactory"
54-->[androidx.core:core:1.13.0] AndroidManifest.xml:28:18-86
55        android:extractNativeLibs="false"
56        android:icon="@mipmap/ic_red"
56-->src/main/AndroidManifest.xml:11:9-38
57        android:label="Herbal DOKO"
57-->src/main/AndroidManifest.xml:12:9-36
58        android:roundIcon="@mipmap/ic_red"
58-->src/main/AndroidManifest.xml:13:9-43
59        android:supportsRtl="true"
59-->src/main/AndroidManifest.xml:14:9-35
60        android:theme="@style/Theme.OnlineShoppingApp.NoActionBar" >
60-->src/main/AndroidManifest.xml:15:9-67
61        <activity
61-->src/main/AndroidManifest.xml:16:9-18:40
62            android:name="com.android.onlineshoppingapp.SaleStatisticActivity"
62-->src/main/AndroidManifest.xml:17:13-50
63            android:exported="false" />
63-->src/main/AndroidManifest.xml:18:13-37
64        <activity
64-->src/main/AndroidManifest.xml:19:9-21:40
65            android:name="com.android.onlineshoppingapp.ListOfFollowActivity"
65-->src/main/AndroidManifest.xml:20:13-49
66            android:exported="false" />
66-->src/main/AndroidManifest.xml:21:13-37
67        <activity
67-->src/main/AndroidManifest.xml:22:9-24:40
68            android:name="com.android.onlineshoppingapp.ShipperActivity"
68-->src/main/AndroidManifest.xml:23:13-44
69            android:exported="false" />
69-->src/main/AndroidManifest.xml:24:13-37
70        <activity
70-->src/main/AndroidManifest.xml:25:9-27:40
71            android:name="com.android.onlineshoppingapp.WriteReviewProductActivity"
71-->src/main/AndroidManifest.xml:26:13-55
72            android:exported="false" />
72-->src/main/AndroidManifest.xml:27:13-37
73        <activity
73-->src/main/AndroidManifest.xml:28:9-30:40
74            android:name="com.android.onlineshoppingapp.ReviewListActivity"
74-->src/main/AndroidManifest.xml:29:13-47
75            android:exported="false" />
75-->src/main/AndroidManifest.xml:30:13-37
76        <activity
76-->src/main/AndroidManifest.xml:31:9-33:40
77            android:name="com.android.onlineshoppingapp.ManageProductActivity"
77-->src/main/AndroidManifest.xml:32:13-50
78            android:exported="false" />
78-->src/main/AndroidManifest.xml:33:13-37
79        <activity
79-->src/main/AndroidManifest.xml:34:9-36:40
80            android:name="com.android.onlineshoppingapp.PurchaseOrderActivity"
80-->src/main/AndroidManifest.xml:35:13-50
81            android:exported="false" />
81-->src/main/AndroidManifest.xml:36:13-37
82        <activity
82-->src/main/AndroidManifest.xml:37:9-39:40
83            android:name="com.android.onlineshoppingapp.ChangeUserInfoActivity"
83-->src/main/AndroidManifest.xml:38:13-51
84            android:exported="false" />
84-->src/main/AndroidManifest.xml:39:13-37
85        <activity
85-->src/main/AndroidManifest.xml:40:9-42:40
86            android:name="com.android.onlineshoppingapp.ChangeAddressActivity"
86-->src/main/AndroidManifest.xml:41:13-50
87            android:exported="false" />
87-->src/main/AndroidManifest.xml:42:13-37
88        <activity
88-->src/main/AndroidManifest.xml:43:9-45:40
89            android:name="com.android.onlineshoppingapp.ListOfProductActivity"
89-->src/main/AndroidManifest.xml:44:13-50
90            android:exported="false" />
90-->src/main/AndroidManifest.xml:45:13-37
91        <activity
91-->src/main/AndroidManifest.xml:46:9-48:40
92            android:name="com.android.onlineshoppingapp.CheckoutActivity"
92-->src/main/AndroidManifest.xml:47:13-45
93            android:exported="false" />
93-->src/main/AndroidManifest.xml:48:13-37
94        <activity
94-->src/main/AndroidManifest.xml:49:9-51:40
95            android:name="com.android.onlineshoppingapp.ShoppingCartActivity"
95-->src/main/AndroidManifest.xml:50:13-49
96            android:exported="false" />
96-->src/main/AndroidManifest.xml:51:13-37
97        <activity
97-->src/main/AndroidManifest.xml:52:9-55:76
98            android:name="com.android.onlineshoppingapp.ProductDetailActivity"
98-->src/main/AndroidManifest.xml:53:13-50
99            android:exported="false"
99-->src/main/AndroidManifest.xml:54:13-37
100            android:windowSoftInputMode="stateAlwaysHidden|adjustResize" />
100-->src/main/AndroidManifest.xml:55:13-73
101        <activity
101-->src/main/AndroidManifest.xml:56:9-58:40
102            android:name="com.android.onlineshoppingapp.MyStoreActivity"
102-->src/main/AndroidManifest.xml:57:13-44
103            android:exported="false" />
103-->src/main/AndroidManifest.xml:58:13-37
104        <activity
104-->src/main/AndroidManifest.xml:59:9-61:40
105            android:name="com.android.onlineshoppingapp.SettingsActivity"
105-->src/main/AndroidManifest.xml:60:13-45
106            android:exported="false" />
106-->src/main/AndroidManifest.xml:61:13-37
107        <activity
107-->src/main/AndroidManifest.xml:62:9-64:40
108            android:name="com.android.onlineshoppingapp.ForgotPasswordActivity"
108-->src/main/AndroidManifest.xml:63:13-51
109            android:exported="false" />
109-->src/main/AndroidManifest.xml:64:13-37
110        <activity
110-->src/main/AndroidManifest.xml:65:9-67:40
111            android:name="com.android.onlineshoppingapp.RegisterActivity"
111-->src/main/AndroidManifest.xml:66:13-45
112            android:exported="false" />
112-->src/main/AndroidManifest.xml:67:13-37
113        <activity
113-->src/main/AndroidManifest.xml:68:9-70:40
114            android:name="com.android.onlineshoppingapp.LoginActivity"
114-->src/main/AndroidManifest.xml:69:13-42
115            android:exported="false" />
115-->src/main/AndroidManifest.xml:70:13-37
116        <activity
116-->src/main/AndroidManifest.xml:71:9-73:40
117            android:name="com.android.onlineshoppingapp.MainActivity"
117-->src/main/AndroidManifest.xml:72:13-41
118            android:exported="false" />
118-->src/main/AndroidManifest.xml:73:13-37
119        <activity
119-->src/main/AndroidManifest.xml:74:9-83:20
120            android:name="com.android.onlineshoppingapp.SplashActivity"
120-->src/main/AndroidManifest.xml:75:13-43
121            android:exported="true" >
121-->src/main/AndroidManifest.xml:76:13-36
122            <intent-filter>
122-->src/main/AndroidManifest.xml:78:13-82:29
123                <action android:name="android.intent.action.MAIN" />
123-->src/main/AndroidManifest.xml:79:17-69
123-->src/main/AndroidManifest.xml:79:25-66
124
125                <category android:name="android.intent.category.LAUNCHER" />
125-->src/main/AndroidManifest.xml:81:17-77
125-->src/main/AndroidManifest.xml:81:27-74
126            </intent-filter>
127        </activity>
128
129        <service
129-->[com.google.firebase:firebase-firestore:25.0.0] AndroidManifest.xml:14:9-23:19
130            android:name="com.google.firebase.components.ComponentDiscoveryService"
130-->[com.google.firebase:firebase-firestore:25.0.0] AndroidManifest.xml:15:13-84
131            android:directBootAware="true"
131-->[com.google.firebase:firebase-common:21.0.0] AndroidManifest.xml:32:13-43
132            android:exported="false" >
132-->[com.google.firebase:firebase-firestore:25.0.0] AndroidManifest.xml:16:13-37
133            <meta-data
133-->[com.google.firebase:firebase-firestore:25.0.0] AndroidManifest.xml:17:13-19:85
134                android:name="com.google.firebase.components:com.google.firebase.firestore.FirebaseFirestoreKtxRegistrar"
134-->[com.google.firebase:firebase-firestore:25.0.0] AndroidManifest.xml:18:17-122
135                android:value="com.google.firebase.components.ComponentRegistrar" />
135-->[com.google.firebase:firebase-firestore:25.0.0] AndroidManifest.xml:19:17-82
136            <meta-data
136-->[com.google.firebase:firebase-firestore:25.0.0] AndroidManifest.xml:20:13-22:85
137                android:name="com.google.firebase.components:com.google.firebase.firestore.FirestoreRegistrar"
137-->[com.google.firebase:firebase-firestore:25.0.0] AndroidManifest.xml:21:17-111
138                android:value="com.google.firebase.components.ComponentRegistrar" />
138-->[com.google.firebase:firebase-firestore:25.0.0] AndroidManifest.xml:22:17-82
139            <meta-data
139-->[com.google.firebase:firebase-auth:23.0.0] AndroidManifest.xml:69:13-71:85
140                android:name="com.google.firebase.components:com.google.firebase.auth.FirebaseAuthRegistrar"
140-->[com.google.firebase:firebase-auth:23.0.0] AndroidManifest.xml:70:17-109
141                android:value="com.google.firebase.components.ComponentRegistrar" />
141-->[com.google.firebase:firebase-auth:23.0.0] AndroidManifest.xml:71:17-82
142            <meta-data
142-->[com.google.firebase:firebase-database:21.0.0] AndroidManifest.xml:29:13-31:85
143                android:name="com.google.firebase.components:com.google.firebase.database.FirebaseDatabaseKtxRegistrar"
143-->[com.google.firebase:firebase-database:21.0.0] AndroidManifest.xml:30:17-120
144                android:value="com.google.firebase.components.ComponentRegistrar" />
144-->[com.google.firebase:firebase-database:21.0.0] AndroidManifest.xml:31:17-82
145            <meta-data
145-->[com.google.firebase:firebase-database:21.0.0] AndroidManifest.xml:32:13-34:85
146                android:name="com.google.firebase.components:com.google.firebase.database.DatabaseRegistrar"
146-->[com.google.firebase:firebase-database:21.0.0] AndroidManifest.xml:33:17-109
147                android:value="com.google.firebase.components.ComponentRegistrar" />
147-->[com.google.firebase:firebase-database:21.0.0] AndroidManifest.xml:34:17-82
148            <meta-data
148-->[com.google.firebase:firebase-storage:21.0.0] AndroidManifest.xml:30:13-32:85
149                android:name="com.google.firebase.components:com.google.firebase.storage.FirebaseStorageKtxRegistrar"
149-->[com.google.firebase:firebase-storage:21.0.0] AndroidManifest.xml:31:17-118
150                android:value="com.google.firebase.components.ComponentRegistrar" />
150-->[com.google.firebase:firebase-storage:21.0.0] AndroidManifest.xml:32:17-82
151            <meta-data
151-->[com.google.firebase:firebase-storage:21.0.0] AndroidManifest.xml:33:13-35:85
152                android:name="com.google.firebase.components:com.google.firebase.storage.StorageRegistrar"
152-->[com.google.firebase:firebase-storage:21.0.0] AndroidManifest.xml:34:17-107
153                android:value="com.google.firebase.components.ComponentRegistrar" />
153-->[com.google.firebase:firebase-storage:21.0.0] AndroidManifest.xml:35:17-82
154            <meta-data
154-->[com.google.firebase:firebase-appcheck:18.0.0] AndroidManifest.xml:25:13-27:85
155                android:name="com.google.firebase.components:com.google.firebase.appcheck.FirebaseAppCheckKtxRegistrar"
155-->[com.google.firebase:firebase-appcheck:18.0.0] AndroidManifest.xml:26:17-120
156                android:value="com.google.firebase.components.ComponentRegistrar" />
156-->[com.google.firebase:firebase-appcheck:18.0.0] AndroidManifest.xml:27:17-82
157            <meta-data
157-->[com.google.firebase:firebase-appcheck:18.0.0] AndroidManifest.xml:28:13-30:85
158                android:name="com.google.firebase.components:com.google.firebase.appcheck.FirebaseAppCheckRegistrar"
158-->[com.google.firebase:firebase-appcheck:18.0.0] AndroidManifest.xml:29:17-117
159                android:value="com.google.firebase.components.ComponentRegistrar" />
159-->[com.google.firebase:firebase-appcheck:18.0.0] AndroidManifest.xml:30:17-82
160            <meta-data
160-->[com.google.android.gms:play-services-measurement-api:22.0.0] AndroidManifest.xml:37:13-39:85
161                android:name="com.google.firebase.components:com.google.firebase.analytics.connector.internal.AnalyticsConnectorRegistrar"
161-->[com.google.android.gms:play-services-measurement-api:22.0.0] AndroidManifest.xml:38:17-139
162                android:value="com.google.firebase.components.ComponentRegistrar" />
162-->[com.google.android.gms:play-services-measurement-api:22.0.0] AndroidManifest.xml:39:17-82
163            <meta-data
163-->[com.google.firebase:firebase-installations:18.0.0] AndroidManifest.xml:15:13-17:85
164                android:name="com.google.firebase.components:com.google.firebase.installations.FirebaseInstallationsKtxRegistrar"
164-->[com.google.firebase:firebase-installations:18.0.0] AndroidManifest.xml:16:17-130
165                android:value="com.google.firebase.components.ComponentRegistrar" />
165-->[com.google.firebase:firebase-installations:18.0.0] AndroidManifest.xml:17:17-82
166            <meta-data
166-->[com.google.firebase:firebase-installations:18.0.0] AndroidManifest.xml:18:13-20:85
167                android:name="com.google.firebase.components:com.google.firebase.installations.FirebaseInstallationsRegistrar"
167-->[com.google.firebase:firebase-installations:18.0.0] AndroidManifest.xml:19:17-127
168                android:value="com.google.firebase.components.ComponentRegistrar" />
168-->[com.google.firebase:firebase-installations:18.0.0] AndroidManifest.xml:20:17-82
169            <meta-data
169-->[com.google.firebase:firebase-common-ktx:21.0.0] AndroidManifest.xml:12:13-14:85
170                android:name="com.google.firebase.components:com.google.firebase.ktx.FirebaseCommonLegacyRegistrar"
170-->[com.google.firebase:firebase-common-ktx:21.0.0] AndroidManifest.xml:13:17-116
171                android:value="com.google.firebase.components.ComponentRegistrar" />
171-->[com.google.firebase:firebase-common-ktx:21.0.0] AndroidManifest.xml:14:17-82
172            <meta-data
172-->[com.google.firebase:firebase-common:21.0.0] AndroidManifest.xml:35:13-37:85
173                android:name="com.google.firebase.components:com.google.firebase.FirebaseCommonKtxRegistrar"
173-->[com.google.firebase:firebase-common:21.0.0] AndroidManifest.xml:36:17-109
174                android:value="com.google.firebase.components.ComponentRegistrar" />
174-->[com.google.firebase:firebase-common:21.0.0] AndroidManifest.xml:37:17-82
175        </service>
176
177        <activity android:name="com.paypal.android.sdk.payments.PaymentActivity" />
177-->[com.paypal.sdk:paypal-android-sdk:2.16.0] AndroidManifest.xml:13:9-84
177-->[com.paypal.sdk:paypal-android-sdk:2.16.0] AndroidManifest.xml:13:19-81
178        <activity android:name="com.paypal.android.sdk.payments.PaymentMethodActivity" />
178-->[com.paypal.sdk:paypal-android-sdk:2.16.0] AndroidManifest.xml:14:9-90
178-->[com.paypal.sdk:paypal-android-sdk:2.16.0] AndroidManifest.xml:14:19-87
179        <activity android:name="com.paypal.android.sdk.payments.PaymentConfirmActivity" />
179-->[com.paypal.sdk:paypal-android-sdk:2.16.0] AndroidManifest.xml:15:9-91
179-->[com.paypal.sdk:paypal-android-sdk:2.16.0] AndroidManifest.xml:15:19-88
180        <activity android:name="com.paypal.android.sdk.payments.LoginActivity" />
180-->[com.paypal.sdk:paypal-android-sdk:2.16.0] AndroidManifest.xml:16:9-82
180-->[com.paypal.sdk:paypal-android-sdk:2.16.0] AndroidManifest.xml:16:19-79
181        <activity android:name="com.paypal.android.sdk.payments.PayPalFuturePaymentActivity" />
181-->[com.paypal.sdk:paypal-android-sdk:2.16.0] AndroidManifest.xml:17:9-96
181-->[com.paypal.sdk:paypal-android-sdk:2.16.0] AndroidManifest.xml:17:19-93
182        <activity android:name="com.paypal.android.sdk.payments.FuturePaymentConsentActivity" />
182-->[com.paypal.sdk:paypal-android-sdk:2.16.0] AndroidManifest.xml:18:9-97
182-->[com.paypal.sdk:paypal-android-sdk:2.16.0] AndroidManifest.xml:18:19-94
183        <activity android:name="com.paypal.android.sdk.payments.FuturePaymentInfoActivity" />
183-->[com.paypal.sdk:paypal-android-sdk:2.16.0] AndroidManifest.xml:19:9-94
183-->[com.paypal.sdk:paypal-android-sdk:2.16.0] AndroidManifest.xml:19:19-91
184        <activity android:name="com.paypal.android.sdk.payments.PayPalProfileSharingActivity" />
184-->[com.paypal.sdk:paypal-android-sdk:2.16.0] AndroidManifest.xml:20:9-97
184-->[com.paypal.sdk:paypal-android-sdk:2.16.0] AndroidManifest.xml:20:19-94
185        <activity android:name="com.paypal.android.sdk.payments.ProfileSharingConsentActivity" />
185-->[com.paypal.sdk:paypal-android-sdk:2.16.0] AndroidManifest.xml:21:9-98
185-->[com.paypal.sdk:paypal-android-sdk:2.16.0] AndroidManifest.xml:21:19-95
186
187        <service
187-->[com.paypal.sdk:paypal-android-sdk:2.16.0] AndroidManifest.xml:23:9-25:40
188            android:name="com.paypal.android.sdk.payments.PayPalService"
188-->[com.paypal.sdk:paypal-android-sdk:2.16.0] AndroidManifest.xml:24:13-73
189            android:exported="false" />
189-->[com.paypal.sdk:paypal-android-sdk:2.16.0] AndroidManifest.xml:25:13-37
190
191        <activity
191-->[com.google.firebase:firebase-auth:23.0.0] AndroidManifest.xml:29:9-46:20
192            android:name="com.google.firebase.auth.internal.GenericIdpActivity"
192-->[com.google.firebase:firebase-auth:23.0.0] AndroidManifest.xml:30:13-80
193            android:excludeFromRecents="true"
193-->[com.google.firebase:firebase-auth:23.0.0] AndroidManifest.xml:31:13-46
194            android:exported="true"
194-->[com.google.firebase:firebase-auth:23.0.0] AndroidManifest.xml:32:13-36
195            android:launchMode="singleTask"
195-->[com.google.firebase:firebase-auth:23.0.0] AndroidManifest.xml:33:13-44
196            android:theme="@android:style/Theme.Translucent.NoTitleBar" >
196-->[com.google.firebase:firebase-auth:23.0.0] AndroidManifest.xml:34:13-72
197            <intent-filter>
197-->[com.google.firebase:firebase-auth:23.0.0] AndroidManifest.xml:35:13-45:29
198                <action android:name="android.intent.action.VIEW" />
198-->[com.google.firebase:firebase-auth:23.0.0] AndroidManifest.xml:36:17-69
198-->[com.google.firebase:firebase-auth:23.0.0] AndroidManifest.xml:36:25-66
199
200                <category android:name="android.intent.category.DEFAULT" />
200-->[com.google.firebase:firebase-auth:23.0.0] AndroidManifest.xml:38:17-76
200-->[com.google.firebase:firebase-auth:23.0.0] AndroidManifest.xml:38:27-73
201                <category android:name="android.intent.category.BROWSABLE" />
201-->[com.google.firebase:firebase-auth:23.0.0] AndroidManifest.xml:39:17-78
201-->[com.google.firebase:firebase-auth:23.0.0] AndroidManifest.xml:39:27-75
202
203                <data
203-->[com.google.firebase:firebase-auth:23.0.0] AndroidManifest.xml:41:17-44:51
204                    android:host="firebase.auth"
204-->[com.google.firebase:firebase-auth:23.0.0] AndroidManifest.xml:42:21-49
205                    android:path="/"
205-->[com.google.firebase:firebase-auth:23.0.0] AndroidManifest.xml:43:21-37
206                    android:scheme="genericidp" />
206-->[com.google.firebase:firebase-auth:23.0.0] AndroidManifest.xml:44:21-48
207            </intent-filter>
208        </activity>
209        <activity
209-->[com.google.firebase:firebase-auth:23.0.0] AndroidManifest.xml:47:9-64:20
210            android:name="com.google.firebase.auth.internal.RecaptchaActivity"
210-->[com.google.firebase:firebase-auth:23.0.0] AndroidManifest.xml:48:13-79
211            android:excludeFromRecents="true"
211-->[com.google.firebase:firebase-auth:23.0.0] AndroidManifest.xml:49:13-46
212            android:exported="true"
212-->[com.google.firebase:firebase-auth:23.0.0] AndroidManifest.xml:50:13-36
213            android:launchMode="singleTask"
213-->[com.google.firebase:firebase-auth:23.0.0] AndroidManifest.xml:51:13-44
214            android:theme="@android:style/Theme.Translucent.NoTitleBar" >
214-->[com.google.firebase:firebase-auth:23.0.0] AndroidManifest.xml:52:13-72
215            <intent-filter>
215-->[com.google.firebase:firebase-auth:23.0.0] AndroidManifest.xml:53:13-63:29
216                <action android:name="android.intent.action.VIEW" />
216-->[com.google.firebase:firebase-auth:23.0.0] AndroidManifest.xml:36:17-69
216-->[com.google.firebase:firebase-auth:23.0.0] AndroidManifest.xml:36:25-66
217
218                <category android:name="android.intent.category.DEFAULT" />
218-->[com.google.firebase:firebase-auth:23.0.0] AndroidManifest.xml:38:17-76
218-->[com.google.firebase:firebase-auth:23.0.0] AndroidManifest.xml:38:27-73
219                <category android:name="android.intent.category.BROWSABLE" />
219-->[com.google.firebase:firebase-auth:23.0.0] AndroidManifest.xml:39:17-78
219-->[com.google.firebase:firebase-auth:23.0.0] AndroidManifest.xml:39:27-75
220
221                <data
221-->[com.google.firebase:firebase-auth:23.0.0] AndroidManifest.xml:41:17-44:51
222                    android:host="firebase.auth"
222-->[com.google.firebase:firebase-auth:23.0.0] AndroidManifest.xml:42:21-49
223                    android:path="/"
223-->[com.google.firebase:firebase-auth:23.0.0] AndroidManifest.xml:43:21-37
224                    android:scheme="recaptcha" />
224-->[com.google.firebase:firebase-auth:23.0.0] AndroidManifest.xml:44:21-48
225            </intent-filter>
226        </activity>
227
228        <service
228-->[androidx.credentials:credentials-play-services-auth:1.2.0-rc01] AndroidManifest.xml:24:9-32:19
229            android:name="androidx.credentials.playservices.CredentialProviderMetadataHolder"
229-->[androidx.credentials:credentials-play-services-auth:1.2.0-rc01] AndroidManifest.xml:25:13-94
230            android:enabled="true"
230-->[androidx.credentials:credentials-play-services-auth:1.2.0-rc01] AndroidManifest.xml:26:13-35
231            android:exported="false" >
231-->[androidx.credentials:credentials-play-services-auth:1.2.0-rc01] AndroidManifest.xml:27:13-37
232            <meta-data
232-->[androidx.credentials:credentials-play-services-auth:1.2.0-rc01] AndroidManifest.xml:29:13-31:104
233                android:name="androidx.credentials.CREDENTIAL_PROVIDER_KEY"
233-->[androidx.credentials:credentials-play-services-auth:1.2.0-rc01] AndroidManifest.xml:30:17-76
234                android:value="androidx.credentials.playservices.CredentialProviderPlayServicesImpl" />
234-->[androidx.credentials:credentials-play-services-auth:1.2.0-rc01] AndroidManifest.xml:31:17-101
235        </service>
236
237        <activity
237-->[androidx.credentials:credentials-play-services-auth:1.2.0-rc01] AndroidManifest.xml:34:9-41:20
238            android:name="androidx.credentials.playservices.HiddenActivity"
238-->[androidx.credentials:credentials-play-services-auth:1.2.0-rc01] AndroidManifest.xml:35:13-76
239            android:configChanges="orientation|screenSize|screenLayout|keyboardHidden"
239-->[androidx.credentials:credentials-play-services-auth:1.2.0-rc01] AndroidManifest.xml:36:13-87
240            android:enabled="true"
240-->[androidx.credentials:credentials-play-services-auth:1.2.0-rc01] AndroidManifest.xml:37:13-35
241            android:exported="false"
241-->[androidx.credentials:credentials-play-services-auth:1.2.0-rc01] AndroidManifest.xml:38:13-37
242            android:fitsSystemWindows="true"
242-->[androidx.credentials:credentials-play-services-auth:1.2.0-rc01] AndroidManifest.xml:39:13-45
243            android:theme="@style/Theme.Hidden" >
243-->[androidx.credentials:credentials-play-services-auth:1.2.0-rc01] AndroidManifest.xml:40:13-48
244        </activity>
245        <activity
245-->[com.google.android.gms:play-services-auth:21.1.1] AndroidManifest.xml:23:9-27:75
246            android:name="com.google.android.gms.auth.api.signin.internal.SignInHubActivity"
246-->[com.google.android.gms:play-services-auth:21.1.1] AndroidManifest.xml:24:13-93
247            android:excludeFromRecents="true"
247-->[com.google.android.gms:play-services-auth:21.1.1] AndroidManifest.xml:25:13-46
248            android:exported="false"
248-->[com.google.android.gms:play-services-auth:21.1.1] AndroidManifest.xml:26:13-37
249            android:theme="@android:style/Theme.Translucent.NoTitleBar" />
249-->[com.google.android.gms:play-services-auth:21.1.1] AndroidManifest.xml:27:13-72
250        <!--
251            Service handling Google Sign-In user revocation. For apps that do not integrate with
252            Google Sign-In, this service will never be started.
253        -->
254        <service
254-->[com.google.android.gms:play-services-auth:21.1.1] AndroidManifest.xml:33:9-37:51
255            android:name="com.google.android.gms.auth.api.signin.RevocationBoundService"
255-->[com.google.android.gms:play-services-auth:21.1.1] AndroidManifest.xml:34:13-89
256            android:exported="true"
256-->[com.google.android.gms:play-services-auth:21.1.1] AndroidManifest.xml:35:13-36
257            android:permission="com.google.android.gms.auth.api.signin.permission.REVOCATION_NOTIFICATION"
257-->[com.google.android.gms:play-services-auth:21.1.1] AndroidManifest.xml:36:13-107